<?xml version="1.0" encoding="UTF-8"?>
<testsuite name="com.db.awmd.challenge.AccountsControllerTest" tests="15" skipped="0" failures="0" errors="0" timestamp="2018-04-09T12:08:55" hostname="LAPTOP-VDETUL9U" time="3.076">
  <properties/>
  <testcase name="transferMoneyWhenAccountFromIdDoesNotExist" classname="com.db.awmd.challenge.AccountsControllerTest" time="1.522"/>
  <testcase name="createDuplicateAccount" classname="com.db.awmd.challenge.AccountsControllerTest" time="0.083"/>
  <testcase name="transferMoneyWhenAmountExceedsBalanceOfAccountFromId" classname="com.db.awmd.challenge.AccountsControllerTest" time="0.287"/>
  <testcase name="getAccount" classname="com.db.awmd.challenge.AccountsControllerTest" time="0.035"/>
  <testcase name="createAccountNegativeBalance" classname="com.db.awmd.challenge.AccountsControllerTest" time="0.153"/>
  <testcase name="createAccountEmptyAccountId" classname="com.db.awmd.challenge.AccountsControllerTest" time="0.044"/>
  <testcase name="createAccountNoBody" classname="com.db.awmd.challenge.AccountsControllerTest" time="0.042"/>
  <testcase name="transferMoneyWhenAmountSameAsBalance" classname="com.db.awmd.challenge.AccountsControllerTest" time="0.132"/>
  <testcase name="transferMoneyWhenAmountPositive" classname="com.db.awmd.challenge.AccountsControllerTest" time="0.094"/>
  <testcase name="transferMoneyWhenAmountZero" classname="com.db.awmd.challenge.AccountsControllerTest" time="0.09"/>
  <testcase name="createAccount" classname="com.db.awmd.challenge.AccountsControllerTest" time="0.311"/>
  <testcase name="transferMoneyWhenAmountNegative" classname="com.db.awmd.challenge.AccountsControllerTest" time="0.086"/>
  <testcase name="createAccountNoAccountId" classname="com.db.awmd.challenge.AccountsControllerTest" time="0.034"/>
  <testcase name="createAccountNoBalance" classname="com.db.awmd.challenge.AccountsControllerTest" time="0.042"/>
  <testcase name="transferMoneyWhenAccountToIdDoesNotExist" classname="com.db.awmd.challenge.AccountsControllerTest" time="0.039"/>
  <system-out><![CDATA[17:38:30.074 [Test worker] DEBUG org.springframework.test.context.junit4.SpringJUnit4ClassRunner - SpringJUnit4ClassRunner constructor called with [class com.db.awmd.challenge.AccountsControllerTest]
17:38:30.112 [Test worker] DEBUG org.springframework.test.context.BootstrapUtils - Instantiating CacheAwareContextLoaderDelegate from class [org.springframework.test.context.cache.DefaultCacheAwareContextLoaderDelegate]
17:38:30.135 [Test worker] DEBUG org.springframework.test.context.BootstrapUtils - Instantiating BootstrapContext using constructor [public org.springframework.test.context.support.DefaultBootstrapContext(java.lang.Class,org.springframework.test.context.CacheAwareContextLoaderDelegate)]
17:38:30.183 [Test worker] DEBUG org.springframework.test.context.BootstrapUtils - Instantiating TestContextBootstrapper for test class [com.db.awmd.challenge.AccountsControllerTest] from class [org.springframework.boot.test.context.SpringBootTestContextBootstrapper]
17:38:30.227 [Test worker] INFO org.springframework.boot.test.context.SpringBootTestContextBootstrapper - Neither @ContextConfiguration nor @ContextHierarchy found for test class [com.db.awmd.challenge.AccountsControllerTest], using SpringBootContextLoader
17:38:30.263 [Test worker] DEBUG org.springframework.test.context.support.AbstractContextLoader - Did not detect default resource location for test class [com.db.awmd.challenge.AccountsControllerTest]: class path resource [com/db/awmd/challenge/AccountsControllerTest-context.xml] does not exist
17:38:30.264 [Test worker] DEBUG org.springframework.test.context.support.AbstractContextLoader - Did not detect default resource location for test class [com.db.awmd.challenge.AccountsControllerTest]: class path resource [com/db/awmd/challenge/AccountsControllerTestContext.groovy] does not exist
17:38:30.264 [Test worker] INFO org.springframework.test.context.support.AbstractContextLoader - Could not detect default resource locations for test class [com.db.awmd.challenge.AccountsControllerTest]: no resource found for suffixes {-context.xml, Context.groovy}.
17:38:30.267 [Test worker] INFO org.springframework.test.context.support.AnnotationConfigContextLoaderUtils - Could not detect default configuration classes for test class [com.db.awmd.challenge.AccountsControllerTest]: AccountsControllerTest does not declare any static, non-private, non-final, nested classes annotated with @Configuration.
17:38:30.515 [Test worker] DEBUG org.springframework.test.context.support.ActiveProfilesUtils - Could not find an 'annotation declaring class' for annotation type [org.springframework.test.context.ActiveProfiles] and class [com.db.awmd.challenge.AccountsControllerTest]
17:38:30.545 [Test worker] DEBUG org.springframework.core.env.StandardEnvironment - Adding [systemProperties] PropertySource with lowest search precedence
17:38:30.546 [Test worker] DEBUG org.springframework.core.env.StandardEnvironment - Adding [systemEnvironment] PropertySource with lowest search precedence
17:38:30.546 [Test worker] DEBUG org.springframework.core.env.StandardEnvironment - Initialized StandardEnvironment with PropertySources [systemProperties,systemEnvironment]
17:38:30.582 [Test worker] DEBUG org.springframework.core.io.support.PathMatchingResourcePatternResolver - Resolved classpath location [com/db/awmd/challenge/] to resources [URL [file:/G:/HclTest/Money-Transfer/build/classes/java/test/com/db/awmd/challenge/], URL [file:/G:/HclTest/Money-Transfer/build/classes/java/main/com/db/awmd/challenge/]]
17:38:30.586 [Test worker] DEBUG org.springframework.core.io.support.PathMatchingResourcePatternResolver - Looking for matching resources in directory tree [G:\HclTest\Money-Transfer\build\classes\java\test\com\db\awmd\challenge]
17:38:30.588 [Test worker] DEBUG org.springframework.core.io.support.PathMatchingResourcePatternResolver - Searching directory [G:\HclTest\Money-Transfer\build\classes\java\test\com\db\awmd\challenge] for files matching pattern [G:/HclTest/Money-Transfer/build/classes/java/test/com/db/awmd/challenge/*.class]
17:38:30.658 [Test worker] DEBUG org.springframework.core.io.support.PathMatchingResourcePatternResolver - Looking for matching resources in directory tree [G:\HclTest\Money-Transfer\build\classes\java\main\com\db\awmd\challenge]
17:38:30.659 [Test worker] DEBUG org.springframework.core.io.support.PathMatchingResourcePatternResolver - Searching directory [G:\HclTest\Money-Transfer\build\classes\java\main\com\db\awmd\challenge] for files matching pattern [G:/HclTest/Money-Transfer/build/classes/java/main/com/db/awmd/challenge/*.class]
17:38:30.663 [Test worker] DEBUG org.springframework.core.io.support.PathMatchingResourcePatternResolver - Resolved location pattern [classpath*:com/db/awmd/challenge/*.class] to resources [file [G:\HclTest\Money-Transfer\build\classes\java\test\com\db\awmd\challenge\AccountsControllerTest.class], file [G:\HclTest\Money-Transfer\build\classes\java\test\com\db\awmd\challenge\AccountsServiceTest.class], file [G:\HclTest\Money-Transfer\build\classes\java\test\com\db\awmd\challenge\EmailNotificationServiceTest.class], file [G:\HclTest\Money-Transfer\build\classes\java\main\com\db\awmd\challenge\DevChallengeApplication.class]]
17:38:30.821 [Test worker] DEBUG org.springframework.context.annotation.ClassPathScanningCandidateComponentProvider - Identified candidate component class: file [G:\HclTest\Money-Transfer\build\classes\java\main\com\db\awmd\challenge\DevChallengeApplication.class]
17:38:30.824 [Test worker] INFO org.springframework.boot.test.context.SpringBootTestContextBootstrapper - Found @SpringBootConfiguration com.db.awmd.challenge.DevChallengeApplication for test class com.db.awmd.challenge.AccountsControllerTest
17:38:30.835 [Test worker] DEBUG org.springframework.boot.test.context.SpringBootTestContextBootstrapper - @TestExecutionListeners is not present for class [com.db.awmd.challenge.AccountsControllerTest]: using defaults.
17:38:30.849 [Test worker] INFO org.springframework.boot.test.context.SpringBootTestContextBootstrapper - Loaded default TestExecutionListener class names from location [META-INF/spring.factories]: [org.springframework.boot.test.autoconfigure.restdocs.RestDocsTestExecutionListener, org.springframework.boot.test.autoconfigure.web.client.MockRestServiceServerResetTestExecutionListener, org.springframework.boot.test.autoconfigure.web.servlet.MockMvcPrintOnlyOnFailureTestExecutionListener, org.springframework.boot.test.autoconfigure.web.servlet.WebDriverTestExecutionListener, org.springframework.boot.test.mock.mockito.MockitoTestExecutionListener, org.springframework.boot.test.mock.mockito.ResetMocksTestExecutionListener, org.springframework.test.context.web.ServletTestExecutionListener, org.springframework.test.context.support.DirtiesContextBeforeModesTestExecutionListener, org.springframework.test.context.support.DependencyInjectionTestExecutionListener, org.springframework.test.context.support.DirtiesContextTestExecutionListener, org.springframework.test.context.transaction.TransactionalTestExecutionListener, org.springframework.test.context.jdbc.SqlScriptsTestExecutionListener]
17:38:30.889 [Test worker] INFO org.springframework.boot.test.context.SpringBootTestContextBootstrapper - Could not instantiate TestExecutionListener [org.springframework.test.context.transaction.TransactionalTestExecutionListener]. Specify custom listener classes or make the default listener classes (and their required dependencies) available. Offending class: [org/springframework/transaction/interceptor/TransactionAttributeSource]
17:38:30.893 [Test worker] INFO org.springframework.boot.test.context.SpringBootTestContextBootstrapper - Could not instantiate TestExecutionListener [org.springframework.test.context.jdbc.SqlScriptsTestExecutionListener]. Specify custom listener classes or make the default listener classes (and their required dependencies) available. Offending class: [org/springframework/transaction/interceptor/TransactionAttribute]
17:38:30.894 [Test worker] INFO org.springframework.boot.test.context.SpringBootTestContextBootstrapper - Using TestExecutionListeners: [org.springframework.test.context.web.ServletTestExecutionListener@19de44a7, org.springframework.test.context.support.DirtiesContextBeforeModesTestExecutionListener@a9fde2a, org.springframework.boot.test.autoconfigure.SpringBootDependencyInjectionTestExecutionListener@1b796900, org.springframework.test.context.support.DirtiesContextTestExecutionListener@2d9d6d5e, org.springframework.boot.test.autoconfigure.restdocs.RestDocsTestExecutionListener@468dff36, org.springframework.boot.test.autoconfigure.web.client.MockRestServiceServerResetTestExecutionListener@32171743, org.springframework.boot.test.autoconfigure.web.servlet.WebDriverTestExecutionListener@62f65968, org.springframework.boot.test.mock.mockito.MockitoTestExecutionListener@24473ff5, org.springframework.boot.test.mock.mockito.ResetMocksTestExecutionListener@d1a0004, org.springframework.boot.test.autoconfigure.web.servlet.MockMvcPrintOnlyOnFailureTestExecutionListener@7bda3eb]
17:38:30.903 [Test worker] DEBUG org.springframework.test.annotation.ProfileValueUtils - Retrieved @ProfileValueSourceConfiguration [null] for test class [com.db.awmd.challenge.AccountsControllerTest]
17:38:30.905 [Test worker] DEBUG org.springframework.test.annotation.ProfileValueUtils - Retrieved ProfileValueSource type [class org.springframework.test.annotation.SystemProfileValueSource] for class [com.db.awmd.challenge.AccountsControllerTest]
17:38:30.908 [Test worker] DEBUG org.springframework.test.annotation.ProfileValueUtils - Retrieved @ProfileValueSourceConfiguration [null] for test class [com.db.awmd.challenge.AccountsControllerTest]
17:38:30.909 [Test worker] DEBUG org.springframework.test.annotation.ProfileValueUtils - Retrieved ProfileValueSource type [class org.springframework.test.annotation.SystemProfileValueSource] for class [com.db.awmd.challenge.AccountsControllerTest]
17:38:30.927 [Test worker] DEBUG org.springframework.test.context.support.AbstractDirtiesContextTestExecutionListener - Before test class: context [DefaultTestContext@354ae2b3 testClass = AccountsControllerTest, testInstance = [null], testMethod = [null], testException = [null], mergedContextConfiguration = [WebMergedContextConfiguration@15a998bc testClass = AccountsControllerTest, locations = '{}', classes = '{class com.db.awmd.challenge.DevChallengeApplication}', contextInitializerClasses = '[]', activeProfiles = '{}', propertySourceLocations = '{}', propertySourceProperties = '{org.springframework.boot.test.context.SpringBootTestContextBootstrapper=true}', contextCustomizers = set[org.springframework.boot.test.autoconfigure.properties.PropertyMappingContextCustomizer@0, org.springframework.boot.test.autoconfigure.web.servlet.WebDriverContextCustomizerFactory$Customizer@5fba69a6, org.springframework.boot.test.context.SpringBootTestContextCustomizer@3fd3ff37, org.springframework.boot.test.context.filter.ExcludeFilterContextCustomizer@3bfd0eef, org.springframework.boot.test.json.DuplicateJsonObjectContextCustomizerFactory$DuplicateJsonObjectContextCustomizer@1c326534, org.springframework.boot.test.mock.mockito.MockitoContextCustomizer@0, org.springframework.test.context.web.socket.MockServerContainerContextCustomizer@35470a84], resourceBasePath = 'src/main/webapp', contextLoader = 'org.springframework.boot.test.context.SpringBootContextLoader', parent = [null]]], class annotated with @DirtiesContext [false] with mode [null].
17:38:30.931 [Test worker] DEBUG org.springframework.test.annotation.ProfileValueUtils - Retrieved @ProfileValueSourceConfiguration [null] for test class [com.db.awmd.challenge.AccountsControllerTest]
17:38:30.931 [Test worker] DEBUG org.springframework.test.annotation.ProfileValueUtils - Retrieved ProfileValueSource type [class org.springframework.test.annotation.SystemProfileValueSource] for class [com.db.awmd.challenge.AccountsControllerTest]
17:38:31.266 [Test worker] DEBUG org.springframework.core.env.StandardEnvironment - Adding [systemProperties] PropertySource with lowest search precedence
17:38:31.267 [Test worker] DEBUG org.springframework.core.env.StandardEnvironment - Adding [systemEnvironment] PropertySource with lowest search precedence
17:38:31.268 [Test worker] DEBUG org.springframework.core.env.StandardEnvironment - Initialized StandardEnvironment with PropertySources [systemProperties,systemEnvironment]
17:38:31.272 [Test worker] DEBUG org.springframework.core.env.MutablePropertySources - Adding [inline] PropertySource with highest search precedence
17:38:31.286 [Test worker] DEBUG org.springframework.test.context.support.TestPropertySourceUtils - Adding inlined properties to environment: {spring.jmx.enabled=false, org.springframework.boot.test.context.SpringBootTestContextBootstrapper=true, server.port=-1}
17:38:31.287 [Test worker] DEBUG org.springframework.core.env.StandardEnvironment - Adding [Inlined Test Properties] PropertySource with highest search precedence

  .   ____          _            __ _ _
 /\\ / ___'_ __ _ _(_)_ __  __ _ \ \ \ \
( ( )\___ | '_ | '_| | '_ \/ _` | \ \ \ \
 \\/  ___)| |_)| | | | | || (_| |  ) ) ) )
  '  |____| .__|_| |_|_| |_\__, | / / / /
 =========|_|==============|___/=/_/_/_/
 :: Spring Boot ::        (v1.5.4.RELEASE)

2018-04-09 17:38:32.718  INFO 8488 --- [    Test worker] c.d.a.challenge.AccountsControllerTest   : Starting AccountsControllerTest on LAPTOP-VDETUL9U with PID 8488 (started by Dipannita in G:\HclTest\Money-Transfer)
2018-04-09 17:38:32.722  INFO 8488 --- [    Test worker] c.d.a.challenge.AccountsControllerTest   : No active profile set, falling back to default profiles: default
2018-04-09 17:38:32.887  INFO 8488 --- [    Test worker] o.s.w.c.s.GenericWebApplicationContext   : Refreshing org.springframework.web.context.support.GenericWebApplicationContext@48867ece: startup date [Mon Apr 09 17:38:32 IST 2018]; root of context hierarchy
2018-04-09 17:38:44.873  INFO 8488 --- [    Test worker] s.w.s.m.m.a.RequestMappingHandlerMapping : Mapped "{[/v1/accounts],methods=[POST],consumes=[application/json]}" onto public org.springframework.http.ResponseEntity<java.lang.Object> com.db.awmd.challenge.web.AccountsController.createAccount(com.db.awmd.challenge.domain.Account)
2018-04-09 17:38:44.878  INFO 8488 --- [    Test worker] s.w.s.m.m.a.RequestMappingHandlerMapping : Mapped "{[/v1/accounts/{accountId}],methods=[GET]}" onto public com.db.awmd.challenge.domain.Account com.db.awmd.challenge.web.AccountsController.getAccount(java.lang.String)
2018-04-09 17:38:44.881  INFO 8488 --- [    Test worker] s.w.s.m.m.a.RequestMappingHandlerMapping : Mapped "{[/v1/accounts/transaction],methods=[POST],consumes=[application/json]}" onto public org.springframework.http.ResponseEntity<java.lang.Object> com.db.awmd.challenge.web.AccountsController.transferMoney(com.db.awmd.challenge.domain.UserTransaction)
2018-04-09 17:38:45.077  INFO 8488 --- [    Test worker] s.w.s.m.m.a.RequestMappingHandlerMapping : Mapped "{[/swagger-resources/configuration/security]}" onto public org.springframework.http.ResponseEntity<springfox.documentation.swagger.web.SecurityConfiguration> springfox.documentation.swagger.web.ApiResourceController.securityConfiguration()
2018-04-09 17:38:45.081  INFO 8488 --- [    Test worker] s.w.s.m.m.a.RequestMappingHandlerMapping : Mapped "{[/swagger-resources]}" onto public org.springframework.http.ResponseEntity<java.util.List<springfox.documentation.swagger.web.SwaggerResource>> springfox.documentation.swagger.web.ApiResourceController.swaggerResources()
2018-04-09 17:38:45.083  INFO 8488 --- [    Test worker] s.w.s.m.m.a.RequestMappingHandlerMapping : Mapped "{[/swagger-resources/configuration/ui]}" onto public org.springframework.http.ResponseEntity<springfox.documentation.swagger.web.UiConfiguration> springfox.documentation.swagger.web.ApiResourceController.uiConfiguration()
2018-04-09 17:38:45.097  INFO 8488 --- [    Test worker] s.w.s.m.m.a.RequestMappingHandlerMapping : Mapped "{[/error]}" onto public org.springframework.http.ResponseEntity<java.util.Map<java.lang.String, java.lang.Object>> org.springframework.boot.autoconfigure.web.BasicErrorController.error(javax.servlet.http.HttpServletRequest)
2018-04-09 17:38:45.103  INFO 8488 --- [    Test worker] s.w.s.m.m.a.RequestMappingHandlerMapping : Mapped "{[/error],produces=[text/html]}" onto public org.springframework.web.servlet.ModelAndView org.springframework.boot.autoconfigure.web.BasicErrorController.errorHtml(javax.servlet.http.HttpServletRequest,javax.servlet.http.HttpServletResponse)
2018-04-09 17:38:46.065  INFO 8488 --- [    Test worker] pertySourcedRequestMappingHandlerMapping : Mapped URL path [/v2/api-docs] onto method [public org.springframework.http.ResponseEntity<springfox.documentation.spring.web.json.Json> springfox.documentation.swagger2.web.Swagger2Controller.getDocumentation(java.lang.String,javax.servlet.http.HttpServletRequest)]
2018-04-09 17:38:48.092  INFO 8488 --- [    Test worker] s.w.s.m.m.a.RequestMappingHandlerAdapter : Looking for @ControllerAdvice: org.springframework.web.context.support.GenericWebApplicationContext@48867ece: startup date [Mon Apr 09 17:38:32 IST 2018]; root of context hierarchy
2018-04-09 17:38:48.431  INFO 8488 --- [    Test worker] o.s.w.s.handler.SimpleUrlHandlerMapping  : Mapped URL path [/webjars/**] onto handler of type [class org.springframework.web.servlet.resource.ResourceHttpRequestHandler]
2018-04-09 17:38:48.435  INFO 8488 --- [    Test worker] o.s.w.s.handler.SimpleUrlHandlerMapping  : Mapped URL path [/**] onto handler of type [class org.springframework.web.servlet.resource.ResourceHttpRequestHandler]
2018-04-09 17:38:48.623  INFO 8488 --- [    Test worker] o.s.w.s.handler.SimpleUrlHandlerMapping  : Mapped URL path [/**/favicon.ico] onto handler of type [class org.springframework.web.servlet.resource.ResourceHttpRequestHandler]
2018-04-09 17:38:50.476  INFO 8488 --- [    Test worker] o.s.s.web.DefaultSecurityFilterChain     : Creating filter chain: OrRequestMatcher [requestMatchers=[Ant [pattern='/css/**'], Ant [pattern='/js/**'], Ant [pattern='/images/**'], Ant [pattern='/webjars/**'], Ant [pattern='/**/favicon.ico'], Ant [pattern='/error']]], []
2018-04-09 17:38:51.512  INFO 8488 --- [    Test worker] o.s.s.web.DefaultSecurityFilterChain     : Creating filter chain: org.springframework.security.web.util.matcher.AnyRequestMatcher@1, [org.springframework.security.web.context.request.async.WebAsyncManagerIntegrationFilter@12b81b31, org.springframework.security.web.context.SecurityContextPersistenceFilter@6dd6fe0f, org.springframework.security.web.header.HeaderWriterFilter@6f0c0e09, org.springframework.security.web.authentication.logout.LogoutFilter@11f509e1, org.springframework.security.web.authentication.UsernamePasswordAuthenticationFilter@50115d57, org.springframework.security.web.authentication.ui.DefaultLoginPageGeneratingFilter@392ada69, org.springframework.security.web.authentication.www.BasicAuthenticationFilter@4960fd14, org.springframework.security.web.savedrequest.RequestCacheAwareFilter@74059531, org.springframework.security.web.servletapi.SecurityContextHolderAwareRequestFilter@442504f5, org.springframework.security.web.authentication.AnonymousAuthenticationFilter@77288e3f, org.springframework.security.web.session.SessionManagementFilter@1c177719, org.springframework.security.web.access.ExceptionTranslationFilter@617f4a85, org.springframework.security.web.access.intercept.FilterSecurityInterceptor@1f7e60e3]
2018-04-09 17:38:51.542  INFO 8488 --- [    Test worker] o.s.s.web.DefaultSecurityFilterChain     : Creating filter chain: Ant [pattern='/actuator/**'], [org.springframework.security.web.context.request.async.WebAsyncManagerIntegrationFilter@4337c0a5, org.springframework.security.web.context.SecurityContextPersistenceFilter@2099ce77, org.springframework.security.web.header.HeaderWriterFilter@162574c3, org.springframework.security.web.authentication.logout.LogoutFilter@8bf4610, org.springframework.security.web.authentication.www.BasicAuthenticationFilter@3197544f, org.springframework.security.web.savedrequest.RequestCacheAwareFilter@461e4443, org.springframework.security.web.servletapi.SecurityContextHolderAwareRequestFilter@7b20b32f, org.springframework.security.web.authentication.AnonymousAuthenticationFilter@683ee486, org.springframework.security.web.session.SessionManagementFilter@1e7e4d, org.springframework.security.web.access.ExceptionTranslationFilter@3b1bbf58, org.springframework.security.web.access.intercept.FilterSecurityInterceptor@2395e32a]
2018-04-09 17:38:51.556  INFO 8488 --- [    Test worker] o.s.s.web.DefaultSecurityFilterChain     : Creating filter chain: OrRequestMatcher [requestMatchers=[Ant [pattern='/**']]], [org.springframework.security.web.context.request.async.WebAsyncManagerIntegrationFilter@333061b7, org.springframework.security.web.context.SecurityContextPersistenceFilter@1b270f9b, org.springframework.security.web.header.HeaderWriterFilter@47f49217, org.springframework.security.web.authentication.logout.LogoutFilter@35113945, org.springframework.security.web.authentication.www.BasicAuthenticationFilter@16e9b3ab, org.springframework.security.web.savedrequest.RequestCacheAwareFilter@3f2aacb7, org.springframework.security.web.servletapi.SecurityContextHolderAwareRequestFilter@5c2df56f, org.springframework.security.web.authentication.AnonymousAuthenticationFilter@33bcf561, org.springframework.security.web.session.SessionManagementFilter@6a806aad, org.springframework.security.web.access.ExceptionTranslationFilter@1ca711d1, org.springframework.security.web.access.intercept.FilterSecurityInterceptor@28b1bc26]
2018-04-09 17:38:53.270  WARN 8488 --- [    Test worker] .s.b.a.a.EndpointWebMvcAutoConfiguration : Could not start embedded management container on different port (management endpoints are still available through JMX)
2018-04-09 17:38:53.290  INFO 8488 --- [    Test worker] o.s.c.support.DefaultLifecycleProcessor  : Starting beans in phase 2147483647
2018-04-09 17:38:53.291  INFO 8488 --- [    Test worker] d.s.w.p.DocumentationPluginsBootstrapper : Context refreshed
2018-04-09 17:38:53.496  INFO 8488 --- [    Test worker] d.s.w.p.DocumentationPluginsBootstrapper : Found 1 custom documentation plugin(s)
2018-04-09 17:38:53.670  INFO 8488 --- [    Test worker] s.d.s.w.s.ApiListingReferenceScanner     : Scanning for api listing references
2018-04-09 17:38:55.459  INFO 8488 --- [    Test worker] c.d.a.challenge.AccountsControllerTest   : Started AccountsControllerTest in 24.136 seconds (JVM running for 29.532)
2018-04-09 17:38:55.873  INFO 8488 --- [    Test worker] o.s.b.t.m.w.SpringBootMockServletContext : Initializing Spring FrameworkServlet ''
2018-04-09 17:38:55.874  INFO 8488 --- [    Test worker] o.s.t.web.servlet.TestDispatcherServlet  : FrameworkServlet '': initialization started
2018-04-09 17:38:55.958  INFO 8488 --- [    Test worker] o.s.t.web.servlet.TestDispatcherServlet  : FrameworkServlet '': initialization completed in 83 ms
2018-04-09 17:38:56.972  INFO 8488 --- [    Test worker] c.d.a.challenge.web.AccountsController   : Creating account Account(accountId=111, balance=1000)
2018-04-09 17:38:57.128  INFO 8488 --- [    Test worker] c.d.a.challenge.web.AccountsController   : Transfering money UserTransaction(accountFromId=Id-123, accountToId=111, amount=2)
2018-04-09 17:38:57.166  INFO 8488 --- [    Test worker] o.s.b.t.m.w.SpringBootMockServletContext : Initializing Spring FrameworkServlet ''
2018-04-09 17:38:57.166  INFO 8488 --- [    Test worker] o.s.t.web.servlet.TestDispatcherServlet  : FrameworkServlet '': initialization started
2018-04-09 17:38:57.173  INFO 8488 --- [    Test worker] o.s.t.web.servlet.TestDispatcherServlet  : FrameworkServlet '': initialization completed in 6 ms
2018-04-09 17:38:57.180  INFO 8488 --- [    Test worker] c.d.a.challenge.web.AccountsController   : Creating account Account(accountId=Id-123, balance=1000)
2018-04-09 17:38:57.221  INFO 8488 --- [    Test worker] c.d.a.challenge.web.AccountsController   : Creating account Account(accountId=Id-123, balance=1000)
2018-04-09 17:38:57.270  INFO 8488 --- [    Test worker] o.s.b.t.m.w.SpringBootMockServletContext : Initializing Spring FrameworkServlet ''
2018-04-09 17:38:57.274  INFO 8488 --- [    Test worker] o.s.t.web.servlet.TestDispatcherServlet  : FrameworkServlet '': initialization started
2018-04-09 17:38:57.281  INFO 8488 --- [    Test worker] o.s.t.web.servlet.TestDispatcherServlet  : FrameworkServlet '': initialization completed in 6 ms
2018-04-09 17:38:57.288  INFO 8488 --- [    Test worker] c.d.a.challenge.web.AccountsController   : Creating account Account(accountId=111, balance=1000)
2018-04-09 17:38:57.294  INFO 8488 --- [    Test worker] c.d.a.challenge.web.AccountsController   : Creating account Account(accountId=123, balance=2000)
2018-04-09 17:38:57.309  INFO 8488 --- [    Test worker] c.d.a.challenge.web.AccountsController   : Transfering money UserTransaction(accountFromId=111, accountToId=123, amount=1500)
2018-04-09 17:38:57.332  INFO 8488 --- [    Test worker] c.d.a.challenge.web.AccountsController   : Retrieving account for id 111
2018-04-09 17:38:57.532  INFO 8488 --- [    Test worker] c.d.a.challenge.web.AccountsController   : Retrieving account for id 123
2018-04-09 17:38:57.566  INFO 8488 --- [    Test worker] o.s.b.t.m.w.SpringBootMockServletContext : Initializing Spring FrameworkServlet ''
2018-04-09 17:38:57.568  INFO 8488 --- [    Test worker] o.s.t.web.servlet.TestDispatcherServlet  : FrameworkServlet '': initialization started
2018-04-09 17:38:57.575  INFO 8488 --- [    Test worker] o.s.t.web.servlet.TestDispatcherServlet  : FrameworkServlet '': initialization completed in 7 ms
2018-04-09 17:38:57.579  INFO 8488 --- [    Test worker] c.d.a.challenge.web.AccountsController   : Retrieving account for id Id-1523275737576
2018-04-09 17:38:57.598  INFO 8488 --- [    Test worker] o.s.b.t.m.w.SpringBootMockServletContext : Initializing Spring FrameworkServlet ''
2018-04-09 17:38:57.614  INFO 8488 --- [    Test worker] o.s.t.web.servlet.TestDispatcherServlet  : FrameworkServlet '': initialization started
2018-04-09 17:38:57.625  INFO 8488 --- [    Test worker] o.s.t.web.servlet.TestDispatcherServlet  : FrameworkServlet '': initialization completed in 9 ms
2018-04-09 17:38:57.753  INFO 8488 --- [    Test worker] o.s.b.t.m.w.SpringBootMockServletContext : Initializing Spring FrameworkServlet ''
2018-04-09 17:38:57.754  INFO 8488 --- [    Test worker] o.s.t.web.servlet.TestDispatcherServlet  : FrameworkServlet '': initialization started
2018-04-09 17:38:57.762  INFO 8488 --- [    Test worker] o.s.t.web.servlet.TestDispatcherServlet  : FrameworkServlet '': initialization completed in 7 ms
2018-04-09 17:38:57.806  INFO 8488 --- [    Test worker] o.s.b.t.m.w.SpringBootMockServletContext : Initializing Spring FrameworkServlet ''
2018-04-09 17:38:57.810  INFO 8488 --- [    Test worker] o.s.t.web.servlet.TestDispatcherServlet  : FrameworkServlet '': initialization started
2018-04-09 17:38:57.823  INFO 8488 --- [    Test worker] o.s.t.web.servlet.TestDispatcherServlet  : FrameworkServlet '': initialization completed in 11 ms
2018-04-09 17:38:57.831  WARN 8488 --- [    Test worker] .w.s.m.s.DefaultHandlerExceptionResolver : Failed to read HTTP message: org.springframework.http.converter.HttpMessageNotReadableException: Required request body is missing: public org.springframework.http.ResponseEntity<java.lang.Object> com.db.awmd.challenge.web.AccountsController.createAccount(com.db.awmd.challenge.domain.Account)
2018-04-09 17:38:57.865  INFO 8488 --- [    Test worker] o.s.b.t.m.w.SpringBootMockServletContext : Initializing Spring FrameworkServlet ''
2018-04-09 17:38:57.867  INFO 8488 --- [    Test worker] o.s.t.web.servlet.TestDispatcherServlet  : FrameworkServlet '': initialization started
2018-04-09 17:38:57.876  INFO 8488 --- [    Test worker] o.s.t.web.servlet.TestDispatcherServlet  : FrameworkServlet '': initialization completed in 7 ms
2018-04-09 17:38:57.884  INFO 8488 --- [    Test worker] c.d.a.challenge.web.AccountsController   : Creating account Account(accountId=111, balance=1000)
2018-04-09 17:38:57.894  INFO 8488 --- [    Test worker] c.d.a.challenge.web.AccountsController   : Creating account Account(accountId=123, balance=2000)
2018-04-09 17:38:57.923  INFO 8488 --- [    Test worker] c.d.a.challenge.web.AccountsController   : Transfering money UserTransaction(accountFromId=111, accountToId=123, amount=1000)
2018-04-09 17:38:57.930  INFO 8488 --- [    Test worker] c.d.a.c.s.EmailNotificationService       : Sending notification to owner of 111: your account has been debited with amount 1000
2018-04-09 17:38:57.939  INFO 8488 --- [    Test worker] c.d.a.c.s.EmailNotificationService       : Sending notification to owner of 123: your account has been credited with amount 1000
2018-04-09 17:38:57.946  INFO 8488 --- [    Test worker] c.d.a.challenge.web.AccountsController   : Retrieving account for id 111
2018-04-09 17:38:57.962  INFO 8488 --- [    Test worker] c.d.a.challenge.web.AccountsController   : Retrieving account for id 123
2018-04-09 17:38:57.988  INFO 8488 --- [    Test worker] o.s.b.t.m.w.SpringBootMockServletContext : Initializing Spring FrameworkServlet ''
2018-04-09 17:38:57.988  INFO 8488 --- [    Test worker] o.s.t.web.servlet.TestDispatcherServlet  : FrameworkServlet '': initialization started
2018-04-09 17:38:57.996  INFO 8488 --- [    Test worker] o.s.t.web.servlet.TestDispatcherServlet  : FrameworkServlet '': initialization completed in 8 ms
2018-04-09 17:38:58.014  INFO 8488 --- [    Test worker] c.d.a.challenge.web.AccountsController   : Creating account Account(accountId=111, balance=1000)
2018-04-09 17:38:58.030  INFO 8488 --- [    Test worker] c.d.a.challenge.web.AccountsController   : Creating account Account(accountId=123, balance=2000)
2018-04-09 17:38:58.050  INFO 8488 --- [    Test worker] c.d.a.challenge.web.AccountsController   : Transfering money UserTransaction(accountFromId=111, accountToId=123, amount=500)
2018-04-09 17:38:58.052  INFO 8488 --- [    Test worker] c.d.a.c.s.EmailNotificationService       : Sending notification to owner of 111: your account has been debited with amount 500
2018-04-09 17:38:58.053  INFO 8488 --- [    Test worker] c.d.a.c.s.EmailNotificationService       : Sending notification to owner of 123: your account has been credited with amount 500
2018-04-09 17:38:58.060  INFO 8488 --- [    Test worker] c.d.a.challenge.web.AccountsController   : Retrieving account for id 111
2018-04-09 17:38:58.067  INFO 8488 --- [    Test worker] c.d.a.challenge.web.AccountsController   : Retrieving account for id 123
2018-04-09 17:38:58.088  INFO 8488 --- [    Test worker] o.s.b.t.m.w.SpringBootMockServletContext : Initializing Spring FrameworkServlet ''
2018-04-09 17:38:58.090  INFO 8488 --- [    Test worker] o.s.t.web.servlet.TestDispatcherServlet  : FrameworkServlet '': initialization started
2018-04-09 17:38:58.099  INFO 8488 --- [    Test worker] o.s.t.web.servlet.TestDispatcherServlet  : FrameworkServlet '': initialization completed in 6 ms
2018-04-09 17:38:58.109  INFO 8488 --- [    Test worker] c.d.a.challenge.web.AccountsController   : Creating account Account(accountId=111, balance=1000)
2018-04-09 17:38:58.119  INFO 8488 --- [    Test worker] c.d.a.challenge.web.AccountsController   : Creating account Account(accountId=123, balance=2000)
2018-04-09 17:38:58.135  INFO 8488 --- [    Test worker] c.d.a.challenge.web.AccountsController   : Transfering money UserTransaction(accountFromId=111, accountToId=123, amount=0)
2018-04-09 17:38:58.137  INFO 8488 --- [    Test worker] c.d.a.c.s.EmailNotificationService       : Sending notification to owner of 111: your account has been debited with amount 0
2018-04-09 17:38:58.139  INFO 8488 --- [    Test worker] c.d.a.c.s.EmailNotificationService       : Sending notification to owner of 123: your account has been credited with amount 0
2018-04-09 17:38:58.146  INFO 8488 --- [    Test worker] c.d.a.challenge.web.AccountsController   : Retrieving account for id 111
2018-04-09 17:38:58.153  INFO 8488 --- [    Test worker] c.d.a.challenge.web.AccountsController   : Retrieving account for id 123
2018-04-09 17:38:58.177  INFO 8488 --- [    Test worker] o.s.b.t.m.w.SpringBootMockServletContext : Initializing Spring FrameworkServlet ''
2018-04-09 17:38:58.178  INFO 8488 --- [    Test worker] o.s.t.web.servlet.TestDispatcherServlet  : FrameworkServlet '': initialization started
2018-04-09 17:38:58.185  INFO 8488 --- [    Test worker] o.s.t.web.servlet.TestDispatcherServlet  : FrameworkServlet '': initialization completed in 7 ms
2018-04-09 17:38:58.190  INFO 8488 --- [    Test worker] c.d.a.challenge.web.AccountsController   : Creating account Account(accountId=Id-123, balance=1000)
2018-04-09 17:38:58.492  INFO 8488 --- [    Test worker] o.s.b.t.m.w.SpringBootMockServletContext : Initializing Spring FrameworkServlet ''
2018-04-09 17:38:58.493  INFO 8488 --- [    Test worker] o.s.t.web.servlet.TestDispatcherServlet  : FrameworkServlet '': initialization started
2018-04-09 17:38:58.518  INFO 8488 --- [    Test worker] o.s.t.web.servlet.TestDispatcherServlet  : FrameworkServlet '': initialization completed in 24 ms
2018-04-09 17:38:58.528  INFO 8488 --- [    Test worker] c.d.a.challenge.web.AccountsController   : Creating account Account(accountId=111, balance=1000)
2018-04-09 17:38:58.534  INFO 8488 --- [    Test worker] c.d.a.challenge.web.AccountsController   : Creating account Account(accountId=123, balance=1000)
2018-04-09 17:38:58.583  INFO 8488 --- [    Test worker] o.s.b.t.m.w.SpringBootMockServletContext : Initializing Spring FrameworkServlet ''
2018-04-09 17:38:58.584  INFO 8488 --- [    Test worker] o.s.t.web.servlet.TestDispatcherServlet  : FrameworkServlet '': initialization started
2018-04-09 17:38:58.590  INFO 8488 --- [    Test worker] o.s.t.web.servlet.TestDispatcherServlet  : FrameworkServlet '': initialization completed in 6 ms
2018-04-09 17:38:58.625  INFO 8488 --- [    Test worker] o.s.b.t.m.w.SpringBootMockServletContext : Initializing Spring FrameworkServlet ''
2018-04-09 17:38:58.628  INFO 8488 --- [    Test worker] o.s.t.web.servlet.TestDispatcherServlet  : FrameworkServlet '': initialization started
2018-04-09 17:38:58.637  INFO 8488 --- [    Test worker] o.s.t.web.servlet.TestDispatcherServlet  : FrameworkServlet '': initialization completed in 7 ms
2018-04-09 17:38:58.672  INFO 8488 --- [    Test worker] o.s.b.t.m.w.SpringBootMockServletContext : Initializing Spring FrameworkServlet ''
2018-04-09 17:38:58.673  INFO 8488 --- [    Test worker] o.s.t.web.servlet.TestDispatcherServlet  : FrameworkServlet '': initialization started
2018-04-09 17:38:58.681  INFO 8488 --- [    Test worker] o.s.t.web.servlet.TestDispatcherServlet  : FrameworkServlet '': initialization completed in 7 ms
2018-04-09 17:38:58.687  INFO 8488 --- [    Test worker] c.d.a.challenge.web.AccountsController   : Creating account Account(accountId=111, balance=1000)
2018-04-09 17:38:58.693  INFO 8488 --- [    Test worker] c.d.a.challenge.web.AccountsController   : Transfering money UserTransaction(accountFromId=111, accountToId=Id-123, amount=2)
]]></system-out>
  <system-err><![CDATA[]]></system-err>
</testsuite>
